mode: set
github.com/laureanomeli/backpack-bcgow6-laureano-silva/testing/c2-tt/internal/transactions/repository.go:33.47,37.2 1 1
github.com/laureanomeli/backpack-bcgow6-laureano-silva/testing/c2-tt/internal/transactions/repository.go:39.128,42.49 3 0
github.com/laureanomeli/backpack-bcgow6-laureano-silva/testing/c2-tt/internal/transactions/repository.go:45.2,46.49 2 0
github.com/laureanomeli/backpack-bcgow6-laureano-silva/testing/c2-tt/internal/transactions/repository.go:49.2,49.28 1 0
github.com/laureanomeli/backpack-bcgow6-laureano-silva/testing/c2-tt/internal/transactions/repository.go:42.49,44.3 1 0
github.com/laureanomeli/backpack-bcgow6-laureano-silva/testing/c2-tt/internal/transactions/repository.go:46.49,48.3 1 0
github.com/laureanomeli/backpack-bcgow6-laureano-silva/testing/c2-tt/internal/transactions/repository.go:52.54,54.49 2 1
github.com/laureanomeli/backpack-bcgow6-laureano-silva/testing/c2-tt/internal/transactions/repository.go:57.2,57.26 1 1
github.com/laureanomeli/backpack-bcgow6-laureano-silva/testing/c2-tt/internal/transactions/repository.go:54.49,56.3 1 1
github.com/laureanomeli/backpack-bcgow6-laureano-silva/testing/c2-tt/internal/transactions/repository.go:60.44,62.49 2 0
github.com/laureanomeli/backpack-bcgow6-laureano-silva/testing/c2-tt/internal/transactions/repository.go:65.2,65.28 1 0
github.com/laureanomeli/backpack-bcgow6-laureano-silva/testing/c2-tt/internal/transactions/repository.go:69.2,69.50 1 0
github.com/laureanomeli/backpack-bcgow6-laureano-silva/testing/c2-tt/internal/transactions/repository.go:62.49,64.3 1 0
github.com/laureanomeli/backpack-bcgow6-laureano-silva/testing/c2-tt/internal/transactions/repository.go:65.28,67.3 1 0
github.com/laureanomeli/backpack-bcgow6-laureano-silva/testing/c2-tt/internal/transactions/repository.go:72.129,76.49 4 1
github.com/laureanomeli/backpack-bcgow6-laureano-silva/testing/c2-tt/internal/transactions/repository.go:79.2,79.30 1 1
github.com/laureanomeli/backpack-bcgow6-laureano-silva/testing/c2-tt/internal/transactions/repository.go:86.2,86.14 1 1
github.com/laureanomeli/backpack-bcgow6-laureano-silva/testing/c2-tt/internal/transactions/repository.go:89.2,89.25 1 1
github.com/laureanomeli/backpack-bcgow6-laureano-silva/testing/c2-tt/internal/transactions/repository.go:76.49,78.3 1 0
github.com/laureanomeli/backpack-bcgow6-laureano-silva/testing/c2-tt/internal/transactions/repository.go:79.30,80.31 1 1
github.com/laureanomeli/backpack-bcgow6-laureano-silva/testing/c2-tt/internal/transactions/repository.go:80.31,84.4 3 1
github.com/laureanomeli/backpack-bcgow6-laureano-silva/testing/c2-tt/internal/transactions/repository.go:86.14,88.3 1 0
github.com/laureanomeli/backpack-bcgow6-laureano-silva/testing/c2-tt/internal/transactions/repository.go:92.43,96.49 4 1
github.com/laureanomeli/backpack-bcgow6-laureano-silva/testing/c2-tt/internal/transactions/repository.go:99.2,99.30 1 1
github.com/laureanomeli/backpack-bcgow6-laureano-silva/testing/c2-tt/internal/transactions/repository.go:105.2,105.14 1 1
github.com/laureanomeli/backpack-bcgow6-laureano-silva/testing/c2-tt/internal/transactions/repository.go:108.2,109.12 2 1
github.com/laureanomeli/backpack-bcgow6-laureano-silva/testing/c2-tt/internal/transactions/repository.go:96.49,98.3 1 0
github.com/laureanomeli/backpack-bcgow6-laureano-silva/testing/c2-tt/internal/transactions/repository.go:99.30,100.31 1 1
github.com/laureanomeli/backpack-bcgow6-laureano-silva/testing/c2-tt/internal/transactions/repository.go:100.31,103.4 2 1
github.com/laureanomeli/backpack-bcgow6-laureano-silva/testing/c2-tt/internal/transactions/repository.go:105.14,107.3 1 0
github.com/laureanomeli/backpack-bcgow6-laureano-silva/testing/c2-tt/internal/transactions/repository.go:112.100,116.49 4 1
github.com/laureanomeli/backpack-bcgow6-laureano-silva/testing/c2-tt/internal/transactions/repository.go:119.2,119.34 1 1
github.com/laureanomeli/backpack-bcgow6-laureano-silva/testing/c2-tt/internal/transactions/repository.go:127.2,127.14 1 1
github.com/laureanomeli/backpack-bcgow6-laureano-silva/testing/c2-tt/internal/transactions/repository.go:130.2,130.25 1 1
github.com/laureanomeli/backpack-bcgow6-laureano-silva/testing/c2-tt/internal/transactions/repository.go:116.49,118.3 1 0
github.com/laureanomeli/backpack-bcgow6-laureano-silva/testing/c2-tt/internal/transactions/repository.go:119.34,120.35 1 1
github.com/laureanomeli/backpack-bcgow6-laureano-silva/testing/c2-tt/internal/transactions/repository.go:120.35,125.4 4 1
github.com/laureanomeli/backpack-bcgow6-laureano-silva/testing/c2-tt/internal/transactions/repository.go:127.14,129.3 1 0
github.com/laureanomeli/backpack-bcgow6-laureano-silva/testing/c2-tt/internal/transactions/service.go:15.39,19.2 1 1
github.com/laureanomeli/backpack-bcgow6-laureano-silva/testing/c2-tt/internal/transactions/service.go:21.51,23.16 2 0
github.com/laureanomeli/backpack-bcgow6-laureano-silva/testing/c2-tt/internal/transactions/service.go:26.2,26.25 1 0
github.com/laureanomeli/backpack-bcgow6-laureano-silva/testing/c2-tt/internal/transactions/service.go:23.16,25.3 1 0
github.com/laureanomeli/backpack-bcgow6-laureano-silva/testing/c2-tt/internal/transactions/service.go:29.117,31.16 2 0
github.com/laureanomeli/backpack-bcgow6-laureano-silva/testing/c2-tt/internal/transactions/service.go:35.2,38.16 3 0
github.com/laureanomeli/backpack-bcgow6-laureano-silva/testing/c2-tt/internal/transactions/service.go:42.2,42.25 1 0
github.com/laureanomeli/backpack-bcgow6-laureano-silva/testing/c2-tt/internal/transactions/service.go:31.16,33.3 1 0
github.com/laureanomeli/backpack-bcgow6-laureano-silva/testing/c2-tt/internal/transactions/service.go:38.16,40.3 1 0
github.com/laureanomeli/backpack-bcgow6-laureano-silva/testing/c2-tt/internal/transactions/service.go:45.126,48.2 1 1
github.com/laureanomeli/backpack-bcgow6-laureano-silva/testing/c2-tt/internal/transactions/service.go:50.40,52.2 1 1
github.com/laureanomeli/backpack-bcgow6-laureano-silva/testing/c2-tt/internal/transactions/service.go:54.97,56.2 1 0
